Unity Editor version:    2020.3.27f1 (e759542391ea)
Branch:                  2020.3/release
Build type:              Release
Batch mode:              YES
macOS version:           Version 11.2.1 (Build 20D74)
Darwin version:          20.3.0
Architecture:            x86_64
Running under Rosetta:   NO
Available memory:        16384 MB
Using pre-set license
Pro License: NO

COMMAND LINE ARGUMENTS:
/Users/game1/Downloads/2020.3.27f1/Unity.app/Contents/MacOS/Unity
-adb2
-batchMode
-noUpm
-name
AssetImportWorker0
-projectPath
/Users/game1/Galagoo
-logFile
Logs/AssetImportWorker0.log
-srvPort
61400
Successfully changed project path to: /Users/game1/Galagoo
/Users/game1/Galagoo
Using Asset Import Pipeline V2.
Refreshing native plugins compatible for Editor in 34.06 ms, found 3 plugins.
Preloading 0 native plugins for Editor in 0.00 ms.
Initialize engine version: 2020.3.27f1 (e759542391ea)
[Subsystems] Discovering subsystems at path /Users/game1/Downloads/2020.3.27f1/Unity.app/Contents/Resources/UnitySubsystems
[Subsystems] Discovering subsystems at path /Users/game1/Galagoo/Assets
GfxDevice: creating device client; threaded=0
2022-12-23 12:58:56.303 Unity[22043:834216] iMac preferred device: AMD Radeon Pro 5500 XT (high power)
2022-12-23 12:58:56.303 Unity[22043:834216] Metal devices available: 1
2022-12-23 12:58:56.303 Unity[22043:834216] 0: AMD Radeon Pro 5500 XT (high power)
2022-12-23 12:58:56.303 Unity[22043:834216] Using device AMD Radeon Pro 5500 XT (high power)
Initializing Metal device caps: AMD Radeon Pro 5500 XT
Initialize mono
Mono path[0] = '/Users/game1/Downloads/2020.3.27f1/Unity.app/Contents/Managed'
Mono path[1] = '/Users/game1/Downloads/2020.3.27f1/Unity.app/Contents/MonoBleedingEdge/lib/mono/unityjit'
Mono config path = '/Users/game1/Downloads/2020.3.27f1/Unity.app/Contents/MonoBleedingEdge/etc'
Using monoOptions --debugger-agent=transport=dt_socket,embedding=1,server=y,suspend=n,address=127.0.0.1:56043
Begin MonoManager ReloadAssembly
Registering precompiled unity dll's ...
Register platform support module: /Users/game1/Downloads/2020.3.27f1/Unity.app/Contents/PlaybackEngines/MacStandaloneSupport/UnityEditor.OSXStandalone.Extensions.dll
Registered in 0.000442 seconds.
Native extension for OSXStandalone target not found
Refreshing native plugins compatible for Editor in 33.44 ms, found 3 plugins.
Preloading 0 native plugins for Editor in 0.00 ms.
Mono: successfully reloaded assembly
- Completed reload, in  0.528 seconds
Domain Reload Profiling:
	ReloadAssembly (528ms)
		BeginReloadAssembly (42ms)
			ExecutionOrderSort (0ms)
			DisableScriptedObjects (0ms)
			BackupInstance (0ms)
			ReleaseScriptingObjects (0ms)
			CreateAndSetChildDomain (1ms)
		EndReloadAssembly (421ms)
			LoadAssemblies (41ms)
			RebuildTransferFunctionScriptingTraits (0ms)
			SetupTypeCache (157ms)
			ReleaseScriptCaches (0ms)
			RebuildScriptCaches (32ms)
			SetupLoadedEditorAssemblies (160ms)
				LogAssemblyErrors (0ms)
				InitializePlatformSupportModulesInManaged (4ms)
				SetLoadedEditorAssemblies (0ms)
				RefreshPlugins (33ms)
				BeforeProcessingInitializeOnLoad (9ms)
				ProcessInitializeOnLoadAttributes (88ms)
				ProcessInitializeOnLoadMethodAttributes (26ms)
				AfterProcessingInitializeOnLoad (0ms)
				EditorAssembliesLoaded (0ms)
			ExecutionOrderSort2 (0ms)
			AwakeInstancesAfterBackupRestoration (0ms)
Platform modules already initialized, skipping
Registering precompiled user dll's ...
Registered in 0.003132 seconds.
Begin MonoManager ReloadAssembly
Native extension for OSXStandalone target not found
Refreshing native plugins compatible for Editor in 33.74 ms, found 3 plugins.
Preloading 0 native plugins for Editor in 0.00 ms.
Mono: successfully reloaded assembly
- Completed reload, in  1.052 seconds
Domain Reload Profiling:
	ReloadAssembly (1053ms)
		BeginReloadAssembly (136ms)
			ExecutionOrderSort (0ms)
			DisableScriptedObjects (4ms)
			BackupInstance (0ms)
			ReleaseScriptingObjects (0ms)
			CreateAndSetChildDomain (30ms)
		EndReloadAssembly (861ms)
			LoadAssemblies (93ms)
			RebuildTransferFunctionScriptingTraits (0ms)
			SetupTypeCache (309ms)
			ReleaseScriptCaches (0ms)
			RebuildScriptCaches (48ms)
			SetupLoadedEditorAssemblies (302ms)
				LogAssemblyErrors (0ms)
				InitializePlatformSupportModulesInManaged (3ms)
				SetLoadedEditorAssemblies (0ms)
				RefreshPlugins (34ms)
				BeforeProcessingInitializeOnLoad (60ms)
				ProcessInitializeOnLoadAttributes (189ms)
				ProcessInitializeOnLoadMethodAttributes (16ms)
				AfterProcessingInitializeOnLoad (1ms)
				EditorAssembliesLoaded (0ms)
			ExecutionOrderSort2 (0ms)
			AwakeInstancesAfterBackupRestoration (6ms)
Platform modules already initialized, skipping
Validating Project structure ... 0.000455 seconds.
Shader import version has changed; will reimport all shaders...
Upgrading shader files ...0.000532 seconds.
Application.AssetDatabase Initial Script Refresh Start
RefreshInfo: InitialScriptRefreshV2(NoUpdateAssetOptions) scanfilter:  ... 1 filters
RefreshProfiler: Total: 0.000ms
Application.AssetDatabase Initial Script Refresh End
Application.AssetDatabase.Refresh Start
Application.AssetDatabase.Refresh End
RefreshInfo: StopAssetImportingV2(ForceSynchronousImport) scanfilter: 
RefreshProfiler: Total: 0.000ms
Launching external process: /Users/game1/Downloads/2020.3.27f1/Unity.app/Contents/Tools/UnityShaderCompiler
Launched and connected shader compiler UnityShaderCompiler after 0.01 seconds
Initializing Unity extensions:
========================================================================
Worker process is ready to serve import requests
Refreshing native plugins compatible for Editor in 0.30 ms, found 3 plugins.
Preloading 0 native plugins for Editor in 0.00 ms.
Unloading 2201 Unused Serialized files (Serialized files now loaded: 0)
System memory in use before: 212.7 MB.
System memory in use after: 211.8 MB.

Unloading 110 unused Assets to reduce memory usage. Loaded Objects now: 2668.
Total: 2.852688 ms (FindLiveObjects: 0.156566 ms CreateObjectMapping: 0.084681 ms MarkObjects: 2.178187 ms  DeleteObjects: 0.432593 ms)

AssetImportParameters requested are different than current active one (requested -> active):
  custom:video-decoder-ogg-theora: a1e56fd34408186e4bbccfd4996cb3dc -> 
  custom:container-muxer-webm: aa71ff27fc2769a1b78a27578f13a17b -> 
  custom:container-demuxer-webm: 4f35f7cbe854078d1ac9338744f61a02 -> 
  custom:container-demuxer-ogg: 62fdf1f143b41e24485cea50d1cbac27 -> 
  custom:video-encoder-webm-vp8: eb34c28f22e8b96e1ab97ce403110664 -> 
  custom:framework-osx-AVFoundation: e770b220cccbd017edd2c1fefb359320 -> 
  custom:video-decoder-webm-vp8: 9c59270c3fd7afecdb556c50c9e8de78 -> 
  custom:audio-decoder-ogg-vorbis: bf7c407c2cedff20999df2af8eb42d56 -> 
  custom:audio-encoder-webm-vorbis: bf7c407c2cedff20999df2af8eb42d56 -> 
========================================================================
Received Import Request.
  path: Assets/Art/Sprites/bossgalagoo.png
  artifactKey: Guid(1ef75b55113154e3ea6f155b74665548) Importer(815301076,1909f56bfc062723c751e8b465ee728b)
Start importing Assets/Art/Sprites/bossgalagoo.png using Guid(1ef75b55113154e3ea6f155b74665548) Importer(815301076,1909f56bfc062723c751e8b465ee728b)  -> (artifact id: 'f906a796fa960440a47d7b4cec415d1c') in 0.767376 seconds 
  Import took 0.773115 seconds .

========================================================================
Received Import Request.
  Time since last request: 64.964435 seconds.
  path: Assets/Art/Sprites/bossg.png
  artifactKey: Guid(6a89c1c438c534484a9a3b8c9430cb96) Importer(815301076,1909f56bfc062723c751e8b465ee728b)
Start importing Assets/Art/Sprites/bossg.png using Guid(6a89c1c438c534484a9a3b8c9430cb96) Importer(815301076,1909f56bfc062723c751e8b465ee728b)  -> (artifact id: '6cdc610885bb8341ad3f469b4b97e51e') in 0.010602 seconds 
  Import took 0.013474 seconds .

========================================================================
Received Import Request.
  Time since last request: 88.738664 seconds.
  path: Assets/Prefabs/Boss.prefab
  artifactKey: Guid(7505bf339c3be4af989ca05da3cb6f8a) Importer(815301076,1909f56bfc062723c751e8b465ee728b)
Start importing Assets/Prefabs/Boss.prefab using Guid(7505bf339c3be4af989ca05da3cb6f8a) Importer(815301076,1909f56bfc062723c751e8b465ee728b)  -> (artifact id: '58e3d7ef135dbc6ada44632a15813438') in 0.803458 seconds 
  Import took 0.809127 seconds .

========================================================================
Received Import Request.
  Time since last request: 5.778790 seconds.
  path: Assets/Prefabs/Boss.prefab
  artifactKey: Guid(7505bf339c3be4af989ca05da3cb6f8a) Importer(815301076,1909f56bfc062723c751e8b465ee728b)
Start importing Assets/Prefabs/Boss.prefab using Guid(7505bf339c3be4af989ca05da3cb6f8a) Importer(815301076,1909f56bfc062723c751e8b465ee728b)  -> (artifact id: '4722be9d75f6bd5841cc026e9808f164') in 0.013421 seconds 
  Import took 0.016303 seconds .

========================================================================
Received Import Request.
  Time since last request: 7.993586 seconds.
  path: Assets/Prefabs/Boss.prefab
  artifactKey: Guid(7505bf339c3be4af989ca05da3cb6f8a) Importer(815301076,1909f56bfc062723c751e8b465ee728b)
Start importing Assets/Prefabs/Boss.prefab using Guid(7505bf339c3be4af989ca05da3cb6f8a) Importer(815301076,1909f56bfc062723c751e8b465ee728b)  -> (artifact id: '9c3beb9322c4c902206c122f500b7098') in 0.011899 seconds 
  Import took 0.015017 seconds .

========================================================================
Received Import Request.
  Time since last request: 14.756159 seconds.
  path: Assets/Prefabs/Boss.prefab
  artifactKey: Guid(7505bf339c3be4af989ca05da3cb6f8a) Importer(815301076,1909f56bfc062723c751e8b465ee728b)
Start importing Assets/Prefabs/Boss.prefab using Guid(7505bf339c3be4af989ca05da3cb6f8a) Importer(815301076,1909f56bfc062723c751e8b465ee728b)  -> (artifact id: 'eede28c81390f91563a4ddd94d984260') in 0.014243 seconds 
  Import took 0.017233 seconds .

========================================================================
Received Import Request.
  Time since last request: 4.451263 seconds.
  path: Assets/Prefabs/Boss.prefab
  artifactKey: Guid(7505bf339c3be4af989ca05da3cb6f8a) Importer(815301076,1909f56bfc062723c751e8b465ee728b)
Start importing Assets/Prefabs/Boss.prefab using Guid(7505bf339c3be4af989ca05da3cb6f8a) Importer(815301076,1909f56bfc062723c751e8b465ee728b)  -> (artifact id: '77e859667b1a688c53c7af2802d2a0b5') in 0.013605 seconds 
  Import took 0.016557 seconds .

========================================================================
Received Import Request.
  Time since last request: 0.788640 seconds.
  path: Assets/Prefabs/Boss.prefab
  artifactKey: Guid(7505bf339c3be4af989ca05da3cb6f8a) Importer(815301076,1909f56bfc062723c751e8b465ee728b)
Start importing Assets/Prefabs/Boss.prefab using Guid(7505bf339c3be4af989ca05da3cb6f8a) Importer(815301076,1909f56bfc062723c751e8b465ee728b)  -> (artifact id: '21544d97fcd777ec1f819ce8a7a55e41') in 0.012901 seconds 
  Import took 0.015996 seconds .

========================================================================
Received Import Request.
  Time since last request: 3.609319 seconds.
  path: Assets/Prefabs/Boss.prefab
  artifactKey: Guid(7505bf339c3be4af989ca05da3cb6f8a) Importer(815301076,1909f56bfc062723c751e8b465ee728b)
Start importing Assets/Prefabs/Boss.prefab using Guid(7505bf339c3be4af989ca05da3cb6f8a) Importer(815301076,1909f56bfc062723c751e8b465ee728b)  -> (artifact id: 'c61c8f7296f3d73cb218121017981a9d') in 0.012998 seconds 
  Import took 0.016460 seconds .

========================================================================
Received Import Request.
  Time since last request: 3.424570 seconds.
  path: Assets/Prefabs/Boss.prefab
  artifactKey: Guid(7505bf339c3be4af989ca05da3cb6f8a) Importer(815301076,1909f56bfc062723c751e8b465ee728b)
Start importing Assets/Prefabs/Boss.prefab using Guid(7505bf339c3be4af989ca05da3cb6f8a) Importer(815301076,1909f56bfc062723c751e8b465ee728b)  -> (artifact id: '679d55373b4e96b5168c71af07937755') in 0.013515 seconds 
  Import took 0.016402 seconds .

========================================================================
Received Import Request.
  Time since last request: 0.594288 seconds.
  path: Assets/Prefabs/Boss.prefab
  artifactKey: Guid(7505bf339c3be4af989ca05da3cb6f8a) Importer(815301076,1909f56bfc062723c751e8b465ee728b)
Start importing Assets/Prefabs/Boss.prefab using Guid(7505bf339c3be4af989ca05da3cb6f8a) Importer(815301076,1909f56bfc062723c751e8b465ee728b)  -> (artifact id: '1b923ddefaee1688e502fb9a3aae434e') in 0.013317 seconds 
  Import took 0.016569 seconds .

========================================================================
Received Import Request.
  Time since last request: 1.814846 seconds.
  path: Assets/Prefabs/Boss.prefab
  artifactKey: Guid(7505bf339c3be4af989ca05da3cb6f8a) Importer(815301076,1909f56bfc062723c751e8b465ee728b)
Start importing Assets/Prefabs/Boss.prefab using Guid(7505bf339c3be4af989ca05da3cb6f8a) Importer(815301076,1909f56bfc062723c751e8b465ee728b)  -> (artifact id: '71eb6c0e54613d9654ca9df1725be623') in 0.013105 seconds 
  Import took 0.016012 seconds .

========================================================================
Received Import Request.
  Time since last request: 3.431863 seconds.
  path: Assets/Prefabs/Boss.prefab
  artifactKey: Guid(7505bf339c3be4af989ca05da3cb6f8a) Importer(815301076,1909f56bfc062723c751e8b465ee728b)
Start importing Assets/Prefabs/Boss.prefab using Guid(7505bf339c3be4af989ca05da3cb6f8a) Importer(815301076,1909f56bfc062723c751e8b465ee728b)  -> (artifact id: '7935c5878a3076601318c60fe7aaadde') in 0.012876 seconds 
  Import took 0.015812 seconds .

========================================================================
Received Import Request.
  Time since last request: 2.000982 seconds.
  path: Assets/Prefabs/Boss.prefab
  artifactKey: Guid(7505bf339c3be4af989ca05da3cb6f8a) Importer(815301076,1909f56bfc062723c751e8b465ee728b)
Start importing Assets/Prefabs/Boss.prefab using Guid(7505bf339c3be4af989ca05da3cb6f8a) Importer(815301076,1909f56bfc062723c751e8b465ee728b)  -> (artifact id: '12eef9471b2ef41cc79589106cebe541') in 0.012860 seconds 
  Import took 0.015741 seconds .

========================================================================
Received Import Request.
  Time since last request: 2.437109 seconds.
  path: Assets/Prefabs/Boss.prefab
  artifactKey: Guid(7505bf339c3be4af989ca05da3cb6f8a) Importer(815301076,1909f56bfc062723c751e8b465ee728b)
Start importing Assets/Prefabs/Boss.prefab using Guid(7505bf339c3be4af989ca05da3cb6f8a) Importer(815301076,1909f56bfc062723c751e8b465ee728b)  -> (artifact id: '37d5e3c3de50612bb261dff5c287cd92') in 0.017984 seconds 
  Import took 0.020971 seconds .

========================================================================
Received Import Request.
  Time since last request: 1.987771 seconds.
  path: Assets/Prefabs/Boss.prefab
  artifactKey: Guid(7505bf339c3be4af989ca05da3cb6f8a) Importer(815301076,1909f56bfc062723c751e8b465ee728b)
Start importing Assets/Prefabs/Boss.prefab using Guid(7505bf339c3be4af989ca05da3cb6f8a) Importer(815301076,1909f56bfc062723c751e8b465ee728b)  -> (artifact id: 'bbfd798167600499eaea266d674737b2') in 0.015398 seconds 
  Import took 0.018323 seconds .

========================================================================
Received Import Request.
  Time since last request: 2.815907 seconds.
  path: Assets/Prefabs/Boss.prefab
  artifactKey: Guid(7505bf339c3be4af989ca05da3cb6f8a) Importer(815301076,1909f56bfc062723c751e8b465ee728b)
Start importing Assets/Prefabs/Boss.prefab using Guid(7505bf339c3be4af989ca05da3cb6f8a) Importer(815301076,1909f56bfc062723c751e8b465ee728b)  -> (artifact id: 'a19c559453ae37a1030fc468c2fe18c8') in 0.014849 seconds 
  Import took 0.017727 seconds .

========================================================================
Received Import Request.
  Time since last request: 33.956334 seconds.
  path: Assets/Scripts/Boss.cs
  artifactKey: Guid(fcb06be5b68264e91a92ef5792037de2) Importer(815301076,1909f56bfc062723c751e8b465ee728b)
Start importing Assets/Scripts/Boss.cs using Guid(fcb06be5b68264e91a92ef5792037de2) Importer(815301076,1909f56bfc062723c751e8b465ee728b)  -> (artifact id: 'fcf33c78a38d9867d26f088f02d3b8cb') in 0.258851 seconds 
  Import took 0.264847 seconds .

========================================================================
Received Prepare
Registering precompiled user dll's ...
Registered in 0.003216 seconds.
Begin MonoManager ReloadAssembly
Native extension for OSXStandalone target not found
Refreshing native plugins compatible for Editor in 0.40 ms, found 3 plugins.
Preloading 0 native plugins for Editor in 0.00 ms.
Mono: successfully reloaded assembly
- Completed reload, in  0.954 seconds
Domain Reload Profiling:
	ReloadAssembly (954ms)
		BeginReloadAssembly (107ms)
			ExecutionOrderSort (0ms)
			DisableScriptedObjects (5ms)
			BackupInstance (0ms)
			ReleaseScriptingObjects (0ms)
			CreateAndSetChildDomain (52ms)
		EndReloadAssembly (792ms)
			LoadAssemblies (61ms)
			RebuildTransferFunctionScriptingTraits (0ms)
			SetupTypeCache (293ms)
			ReleaseScriptCaches (1ms)
			RebuildScriptCaches (43ms)
			SetupLoadedEditorAssemblies (289ms)
				LogAssemblyErrors (0ms)
				InitializePlatformSupportModulesInManaged (4ms)
				SetLoadedEditorAssemblies (0ms)
				RefreshPlugins (0ms)
				BeforeProcessingInitializeOnLoad (99ms)
				ProcessInitializeOnLoadAttributes (174ms)
				ProcessInitializeOnLoadMethodAttributes (9ms)
				AfterProcessingInitializeOnLoad (1ms)
				EditorAssembliesLoaded (0ms)
			ExecutionOrderSort2 (0ms)
			AwakeInstancesAfterBackupRestoration (8ms)
Platform modules already initialized, skipping
Refreshing native plugins compatible for Editor in 0.36 ms, found 3 plugins.
Preloading 0 native plugins for Editor in 0.00 ms.
Unloading 2196 Unused Serialized files (Serialized files now loaded: 0)
System memory in use before: 225.7 MB.
System memory in use after: 225.7 MB.

Unloading 24 unused Assets to reduce memory usage. Loaded Objects now: 2682.
Total: 2.355226 ms (FindLiveObjects: 0.132862 ms CreateObjectMapping: 0.067582 ms MarkObjects: 2.080787 ms  DeleteObjects: 0.073105 ms)

AssetImportParameters requested are different than current active one (requested -> active):
  custom:video-decoder-ogg-theora: a1e56fd34408186e4bbccfd4996cb3dc -> 
  custom:container-muxer-webm: aa71ff27fc2769a1b78a27578f13a17b -> 
  custom:container-demuxer-webm: 4f35f7cbe854078d1ac9338744f61a02 -> 
  custom:container-demuxer-ogg: 62fdf1f143b41e24485cea50d1cbac27 -> 
  custom:video-encoder-webm-vp8: eb34c28f22e8b96e1ab97ce403110664 -> 
  custom:framework-osx-AVFoundation: e770b220cccbd017edd2c1fefb359320 -> 
  custom:video-decoder-webm-vp8: 9c59270c3fd7afecdb556c50c9e8de78 -> 
  custom:audio-decoder-ogg-vorbis: bf7c407c2cedff20999df2af8eb42d56 -> 
  custom:audio-encoder-webm-vorbis: bf7c407c2cedff20999df2af8eb42d56 -> 
========================================================================
Received Import Request.
  Time since last request: 124.286771 seconds.
  path: Assets/Art/Missile.png
  artifactKey: Guid(6d8bac2df6ab142ac9a296fed97f937e) Importer(815301076,1909f56bfc062723c751e8b465ee728b)
Start importing Assets/Art/Missile.png using Guid(6d8bac2df6ab142ac9a296fed97f937e) Importer(815301076,1909f56bfc062723c751e8b465ee728b)  -> (artifact id: '944934027a9228ec173ae3f24e8bf0ee') in 0.040059 seconds 
  Import took 0.043093 seconds .

========================================================================
Received Import Request.
  Time since last request: 189.184964 seconds.
  path: Assets/Art/Sprites/Missile-removebg-preview.png
  artifactKey: Guid(8312bc423dbd946cfba6310b1efbf5bc) Importer(815301076,1909f56bfc062723c751e8b465ee728b)
Start importing Assets/Art/Sprites/Missile-removebg-preview.png using Guid(8312bc423dbd946cfba6310b1efbf5bc) Importer(815301076,1909f56bfc062723c751e8b465ee728b)  -> (artifact id: '6d88910d5f253f3426cfde7b53b9d4a1') in 0.008041 seconds 
  Import took 0.010848 seconds .

========================================================================
Received Import Request.
  Time since last request: 23.967737 seconds.
  path: Assets/Prefabs/Missile-removebg-preview.prefab
  artifactKey: Guid(384f9671e90d24e70a4f4942b66c8e9d) Importer(815301076,1909f56bfc062723c751e8b465ee728b)
Start importing Assets/Prefabs/Missile-removebg-preview.prefab using Guid(384f9671e90d24e70a4f4942b66c8e9d) Importer(815301076,1909f56bfc062723c751e8b465ee728b)  -> (artifact id: '709655cc266758e49e8b5d6dc96d149b') in 0.022441 seconds 
  Import took 0.025412 seconds .

========================================================================
Received Import Request.
  Time since last request: 12.471603 seconds.
  path: Assets/Prefabs/Rename.prefab
  artifactKey: Guid(384f9671e90d24e70a4f4942b66c8e9d) Importer(815301076,1909f56bfc062723c751e8b465ee728b)
Start importing Assets/Prefabs/Rename.prefab using Guid(384f9671e90d24e70a4f4942b66c8e9d) Importer(815301076,1909f56bfc062723c751e8b465ee728b)  -> (artifact id: '1b50cb73784edd7a556a90ad67779ee2') in 0.016284 seconds 
  Import took 0.019194 seconds .

========================================================================
Received Import Request.
  Time since last request: 24.812787 seconds.
  path: Assets/Prefabs/Missile.prefab
  artifactKey: Guid(384f9671e90d24e70a4f4942b66c8e9d) Importer(815301076,1909f56bfc062723c751e8b465ee728b)
Start importing Assets/Prefabs/Missile.prefab using Guid(384f9671e90d24e70a4f4942b66c8e9d) Importer(815301076,1909f56bfc062723c751e8b465ee728b)  -> (artifact id: '137073b1f00d07ea7e4861d6a444a500') in 0.007916 seconds 
  Import took 0.010778 seconds .

========================================================================
Received Import Request.
  Time since last request: 98.088069 seconds.
  path: Assets/Scripts/PlayerController.cs
  artifactKey: Guid(5116742074e014594aae447677fdc1d2) Importer(815301076,1909f56bfc062723c751e8b465ee728b)
Start importing Assets/Scripts/PlayerController.cs using Guid(5116742074e014594aae447677fdc1d2) Importer(815301076,1909f56bfc062723c751e8b465ee728b)  -> (artifact id: 'd0bc5d54d9a2d0d31edb521a8e07ac6e') in 0.001259 seconds 
  Import took 0.003732 seconds .

========================================================================
Received Import Request.
  Time since last request: 3.256786 seconds.
  path: Assets/Scripts/Bullet.cs
  artifactKey: Guid(2a9fb152de714444bb996ecf8647870e) Importer(815301076,1909f56bfc062723c751e8b465ee728b)
Start importing Assets/Scripts/Bullet.cs using Guid(2a9fb152de714444bb996ecf8647870e) Importer(815301076,1909f56bfc062723c751e8b465ee728b)  -> (artifact id: 'b35c25876e8fecc371188b2a4799243b') in 0.001356 seconds 
  Import took 0.003961 seconds .

========================================================================
Received Import Request.
  Time since last request: 16.651853 seconds.
  path: Assets/Scripts/Missile
  artifactKey: Guid(f7b3d0d6b8ee6464ba32771edb7e3566) Importer(815301076,1909f56bfc062723c751e8b465ee728b)
Start importing Assets/Scripts/Missile using Guid(f7b3d0d6b8ee6464ba32771edb7e3566) Importer(815301076,1909f56bfc062723c751e8b465ee728b)  -> (artifact id: '1c057572d67a89889f02d503351c9691') in 0.001417 seconds 
  Import took 0.004040 seconds .

